#
# A fatal error has been detected by the Java Runtime Environment:
#
#  Internal Error (javaCalls.cpp:51), pid=6881, tid=0x00007f0a0dda2700
#  guarantee(thread->is_Java_thread()) failed: crucial check - the VM thread cannot and must not escape to Java code
#
# JRE version: Java(TM) SE Runtime Environment (8.0_181-b13) (build 1.8.0_181-b13)
# Java VM: Java HotSpot(TM) 64-Bit Server VM (25.181-b13 mixed mode linux-amd64 compressed oops)
# Failed to write core dump. Core dumps have been disabled. To enable core dumping, try "ulimit -c unlimited" before starting Java again
#
# If you would like to submit a bug report, please visit:
#   http://bugreport.java.com/bugreport/crash.jsp
#

---------------  T H R E A D  ---------------

Current thread (0x00007f0a20141000):  VMThread [stack: 0x00007f0a0dca2000,0x00007f0a0dda3000] [id=6889]

Stack: [0x00007f0a0dca2000,0x00007f0a0dda3000],  sp=0x00007f0a0dda0300,  free space=1016k
Native frames: (J=compiled Java code, j=interpreted, Vv=VM code, C=native code)
V  [libjvm.so+0xad21aa]  VMError::report_and_die()+0x2ba
V  [libjvm.so+0x501a32]  report_vm_error(char const*, int, char const*, char const*)+0x62
V  [libjvm.so+0x6965d7]  JavaCallWrapper::JavaCallWrapper(methodHandle, Handle, JavaValue*, Thread*)+0x267
V  [libjvm.so+0x6972a4]  JavaCalls::call_helper(JavaValue*, methodHandle*, JavaCallArguments*, Thread*)+0x884
V  [libjvm.so+0x698e31]  JavaCalls::call_special(JavaValue*, KlassHandle, Symbol*, Symbol*, JavaCallArguments*, Thread*)+0x2d1
V  [libjvm.so+0x5855fa]  Exceptions::new_exception(Thread*, Symbol*, Symbol*, JavaCallArguments*, Handle, Handle)+0x17a
V  [libjvm.so+0x5856b2]  Exceptions::new_exception(Thread*, Symbol*, Symbol*, JavaCallArguments*, Handle, Handle, Handle)+0x22
V  [libjvm.so+0x585c61]  Exceptions::new_exception(Thread*, Symbol*, char const*, Handle, Handle, Handle, Exceptions::ExceptionMsgToUtf8Mode)+0x1d1
V  [libjvm.so+0x585cf8]  Exceptions::new_exception(Thread*, Symbol*, char const*, Exceptions::ExceptionMsgToUtf8Mode)+0x18
V  [libjvm.so+0x5f3d6b]  GenerateOopMap::verify_error(char const*, ...)+0x8b
V  [libjvm.so+0x5f4bfe]  GenerateOopMap::ppload(CellTypeState*, int)+0xfe
V  [libjvm.so+0x5fb34b]  GenerateOopMap::interp_bb(BasicBlock*)+0x2fb
V  [libjvm.so+0x5fc21a]  GenerateOopMap::do_interpretation()+0x17a
V  [libjvm.so+0x5fc5cd]  GenerateOopMap::compute_map(Thread*)+0x34d
V  [libjvm.so+0x91fcd4]  OopMapForCacheEntry::compute_map(Thread*)+0xb4
V  [libjvm.so+0x921a92]  OopMapCacheEntry::fill(methodHandle, int)+0x2d2
V  [libjvm.so+0x922244]  OopMapCache::compute_one_oop_map(methodHandle, int, InterpreterOopMap*)+0x124
V  [libjvm.so+0x922bee]  OopMapCache::lookup(methodHandle, int, InterpreterOopMap*) const+0x6de
V  [libjvm.so+0x64ab92]  InstanceKlass::mask_for(methodHandle, int, InterpreterOopMap*)+0x82
V  [libjvm.so+0x8bd3fd]  Method::mask_for(int, InterpreterOopMap*)+0x9d
V  [libjvm.so+0x7affb4]  VM_GetOrSetLocal::doit()+0x54
V  [libjvm.so+0xadb745]  VM_Operation::evaluate()+0x55
V  [libjvm.so+0xad9b0a]  VMThread::evaluate_operation(VM_Operation*)+0xba
V  [libjvm.so+0xad9e8e]  VMThread::loop()+0x1ce
V  [libjvm.so+0xada300]  VMThread::run()+0x70
V  [libjvm.so+0x930198]  java_start(Thread*)+0x108

VM_Operation (0x00007f0a0d564970): GetOrSetLocal, mode: safepoint, requested by thread 0x00007f0a2018d800


---------------  P R O C E S S  ---------------

Java Threads: ( => current thread )
  0x00007f0a20225000 JavaThread "Service Thread" daemon [_thread_blocked, id=6913, stack(0x00007f0a0ce5f000,0x00007f0a0cf60000)]
  0x00007f0a20221800 JavaThread "C1 CompilerThread2" daemon [_thread_blocked, id=6912, stack(0x00007f0a0cf60000,0x00007f0a0d061000)]
  0x00007f0a2021f800 JavaThread "C2 CompilerThread1" daemon [_thread_blocked, id=6911, stack(0x00007f0a0d061000,0x00007f0a0d162000)]
  0x00007f0a20219000 JavaThread "C2 CompilerThread0" daemon [_thread_blocked, id=6910, stack(0x00007f0a0d162000,0x00007f0a0d263000)]
  0x00007f09e4001000 JavaThread "JDWP Command Reader" daemon [_thread_in_native, id=6903, stack(0x00007f0a0d263000,0x00007f0a0d364000)]
  0x00007f0a20190800 JavaThread "JDWP Event Helper Thread" daemon [_thread_blocked, id=6901, stack(0x00007f0a0d364000,0x00007f0a0d465000)]
  0x00007f0a2018d800 JavaThread "JDWP Transport Listener: dt_socket" daemon [_thread_blocked, id=6899, stack(0x00007f0a0d465000,0x00007f0a0d566000)]
  0x00007f0a20180000 JavaThread "Signal Dispatcher" daemon [_thread_blocked, id=6898, stack(0x00007f0a0d99f000,0x00007f0a0daa0000)]
  0x00007f0a2014d800 JavaThread "Finalizer" daemon [_thread_blocked, id=6894, stack(0x00007f0a0daa0000,0x00007f0a0dba1000)]
  0x00007f0a2014b000 JavaThread "Reference Handler" daemon [_thread_blocked, id=6892, stack(0x00007f0a0dba1000,0x00007f0a0dca2000)]
  0x00007f0a2000b800 JavaThread "main" [_thread_blocked, id=6882, stack(0x00007f0a268f7000,0x00007f0a269f8000)]

Other Threads:
=>0x00007f0a20141000 VMThread [stack: 0x00007f0a0dca2000,0x00007f0a0dda3000] [id=6889]
  0x00007f0a2022a000 WatcherThread [stack: 0x00007f0a0cd5e000,0x00007f0a0ce5f000] [id=6914]

VM state:at safepoint (normal execution)

VM Mutex/Monitor currently owned by a thread:  ([mutex/lock_event])
[0x00007f0a2000a740] Threads_lock - owner thread: 0x00007f0a20141000

Heap:
 PSYoungGen      total 36864K, used 3174K [0x00000000d6f00000, 0x00000000d9800000, 0x0000000100000000)
  eden space 31744K, 10% used [0x00000000d6f00000,0x00000000d7219be0,0x00000000d8e00000)
  from space 5120K, 0% used [0x00000000d9300000,0x00000000d9300000,0x00000000d9800000)
  to   space 5120K, 0% used [0x00000000d8e00000,0x00000000d8e00000,0x00000000d9300000)
 ParOldGen       total 84992K, used 0K [0x0000000084c00000, 0x0000000089f00000, 0x00000000d6f00000)
  object space 84992K, 0% used [0x0000000084c00000,0x0000000084c00000,0x0000000089f00000)
 Metaspace       used 3202K, capacity 4664K, committed 4864K, reserved 1056768K
  class space    used 341K, capacity 424K, committed 512K, reserved 1048576K

Card table byte_map: [0x00007f0a10172000,0x00007f0a1054d000] byte_map_base: 0x00007f0a0fd4c000

Marking Bits: (ParMarkBitMap*) 0x00007f0a25dcd0a0
 Begin Bits: [0x00007f0a04260000, 0x00007f0a06130000)
 End Bits:   [0x00007f0a06130000, 0x00007f0a08000000)

Polling page: 0x00007f0a26a1f000

CodeCache: size=245760Kb used=1147Kb max_used=1147Kb free=244612Kb
 bounds [0x00007f0a1090d000, 0x00007f0a10b7d000, 0x00007f0a1f90d000]
 total_blobs=272 nmethods=35 adapters=159
 compilation: enabled

Compilation events (10 events):
Event: 0,205 Thread 0x00007f0a20221800   30       3       java.lang.AbstractStringBuilder::ensureCapacityInternal (27 bytes)
Event: 0,207 Thread 0x00007f0a20221800 nmethod 30 0x00007f0a10a2a3d0 code [0x00007f0a10a2a560, 0x00007f0a10a2a9d8]
Event: 0,207 Thread 0x00007f0a20221800   31       3       java.lang.AbstractStringBuilder::append (50 bytes)
Event: 0,208 Thread 0x00007f0a20221800 nmethod 31 0x00007f0a10a2ab90 code [0x00007f0a10a2ad60, 0x00007f0a10a2b498]
Event: 0,208 Thread 0x00007f0a20221800   33       3       java.lang.StringBuilder::append (8 bytes)
Event: 0,208 Thread 0x00007f0a20221800 nmethod 33 0x00007f0a10a2b7d0 code [0x00007f0a10a2b940, 0x00007f0a10a2bae8]
Event: 0,208 Thread 0x00007f0a20221800   32       1       java.nio.Buffer::position (5 bytes)
Event: 0,208 Thread 0x00007f0a20221800 nmethod 32 0x00007f0a10a2bb90 code [0x00007f0a10a2bce0, 0x00007f0a10a2bdf0]
Event: 0,208 Thread 0x00007f0a20221800   34       1       java.nio.Buffer::limit (5 bytes)
Event: 0,208 Thread 0x00007f0a20221800 nmethod 34 0x00007f0a10a2be50 code [0x00007f0a10a2bfa0, 0x00007f0a10a2c0b0]

GC Heap History (0 events):
No events

Deoptimization events (0 events):
No events

Classes redefined (5 events):
Event: 58,069 Thread 0x00007f0a20141000 redefined class name=Tri, count=1
Event: 91,591 Thread 0x00007f0a20141000 redefined class name=Tri, count=2
Event: 144,602 Thread 0x00007f0a20141000 redefined class name=Tri, count=3
Event: 276,923 Thread 0x00007f0a20141000 redefined class name=Main, count=1
Event: 318,765 Thread 0x00007f0a20141000 redefined class name=Tri, count=4

Internal exceptions (2 events):
Event: 0,041 Thread 0x00007f0a2000b800 Exception <a 'java/lang/NoSuchMethodError': Method sun.misc.Unsafe.defineClass(Ljava/lang/String;[BII)Ljava/lang/Class; name or signature does not match> (0x00000000d6f07cb0) thrown at [/HUDSON/workspace/8-2-build-linux-amd64/jdk8u181/11358/hotspot/src/sh
Event: 0,041 Thread 0x00007f0a2000b800 Exception <a 'java/lang/NoSuchMethodError': Method sun.misc.Unsafe.prefetchRead(Ljava/lang/Object;J)V name or signature does not match> (0x00000000d6f07f98) thrown at [/HUDSON/workspace/8-2-build-linux-amd64/jdk8u181/11358/hotspot/src/share/vm/prims/jni.c

Events (10 events):
Event: 276,967 Executing VM operation: GetOrSetLocal done
Event: 318,763 Executing VM operation: ChangeBreakpoints
Event: 318,763 Executing VM operation: ChangeBreakpoints done
Event: 318,764 Executing VM operation: RedefineClasses
Event: 318,765 Executing VM operation: RedefineClasses done
Event: 318,765 Executing VM operation: GetOrSetLocal
Event: 318,765 Executing VM operation: GetOrSetLocal done
Event: 318,767 Executing VM operation: ChangeBreakpoints
Event: 318,767 Executing VM operation: ChangeBreakpoints done
Event: 318,769 Executing VM operation: GetOrSetLocal


Dynamic libraries:
00400000-00401000 r-xp 00000000 08:05 795280                             /usr/lib/jvm/java-8-oracle/bin/java
00600000-00601000 rw-p 00000000 08:05 795280                             /usr/lib/jvm/java-8-oracle/bin/java
02042000-02063000 rw-p 00000000 00:00 0                                  [heap]
84c00000-89f00000 rw-p 00000000 00:00 0 
89f00000-d6f00000 ---p 00000000 00:00 0 
d6f00000-d9800000 rw-p 00000000 00:00 0 
d9800000-100000000 ---p 00000000 00:00 0 
100000000-100080000 rw-p 00000000 00:00 0 
100080000-140000000 ---p 00000000 00:00 0 
7f09c0000000-7f09c0021000 rw-p 00000000 00:00 0 
7f09c0021000-7f09c4000000 ---p 00000000 00:00 0 
7f09c8000000-7f09c8090000 rw-p 00000000 00:00 0 
7f09c8090000-7f09cc000000 ---p 00000000 00:00 0 
7f09cc000000-7f09cc021000 rw-p 00000000 00:00 0 
7f09cc021000-7f09d0000000 ---p 00000000 00:00 0 
7f09d0000000-7f09d006f000 rw-p 00000000 00:00 0 
7f09d006f000-7f09d4000000 ---p 00000000 00:00 0 
7f09d4000000-7f09d4021000 rw-p 00000000 00:00 0 
7f09d4021000-7f09d8000000 ---p 00000000 00:00 0 
7f09d8000000-7f09d8021000 rw-p 00000000 00:00 0 
7f09d8021000-7f09dc000000 ---p 00000000 00:00 0 
7f09dc000000-7f09dc021000 rw-p 00000000 00:00 0 
7f09dc021000-7f09e0000000 ---p 00000000 00:00 0 
7f09e0000000-7f09e0021000 rw-p 00000000 00:00 0 
7f09e0021000-7f09e4000000 ---p 00000000 00:00 0 
7f09e4000000-7f09e4021000 rw-p 00000000 00:00 0 
7f09e4021000-7f09e8000000 ---p 00000000 00:00 0 
7f09e8000000-7f09e8021000 rw-p 00000000 00:00 0 
7f09e8021000-7f09ec000000 ---p 00000000 00:00 0 
7f09ec000000-7f09ec021000 rw-p 00000000 00:00 0 
7f09ec021000-7f09f0000000 ---p 00000000 00:00 0 
7f09f0000000-7f09f0021000 rw-p 00000000 00:00 0 
7f09f0021000-7f09f4000000 ---p 00000000 00:00 0 
7f09f4000000-7f09f4021000 rw-p 00000000 00:00 0 
7f09f4021000-7f09f8000000 ---p 00000000 00:00 0 
7f09f8000000-7f09f8021000 rw-p 00000000 00:00 0 
7f09f8021000-7f09fc000000 ---p 00000000 00:00 0 
7f0a00000000-7f0a00021000 rw-p 00000000 00:00 0 
7f0a00021000-7f0a04000000 ---p 00000000 00:00 0 
7f0a04260000-7f0a08000000 rw-p 00000000 00:00 0 
7f0a08000000-7f0a08021000 rw-p 00000000 00:00 0 
7f0a08021000-7f0a0c000000 ---p 00000000 00:00 0 
7f0a0cad3000-7f0a0cd5e000 rw-p 00000000 00:00 0 
7f0a0cd5e000-7f0a0cd5f000 ---p 00000000 00:00 0 
7f0a0cd5f000-7f0a0ce5f000 rw-p 00000000 00:00 0 
7f0a0ce5f000-7f0a0ce62000 ---p 00000000 00:00 0 
7f0a0ce62000-7f0a0cf60000 rw-p 00000000 00:00 0 
7f0a0cf60000-7f0a0cf63000 ---p 00000000 00:00 0 
7f0a0cf63000-7f0a0d061000 rw-p 00000000 00:00 0 
7f0a0d061000-7f0a0d064000 ---p 00000000 00:00 0 
7f0a0d064000-7f0a0d162000 rw-p 00000000 00:00 0 
7f0a0d162000-7f0a0d165000 ---p 00000000 00:00 0 
7f0a0d165000-7f0a0d263000 rw-p 00000000 00:00 0 
7f0a0d263000-7f0a0d266000 ---p 00000000 00:00 0 
7f0a0d266000-7f0a0d364000 rw-p 00000000 00:00 0 
7f0a0d364000-7f0a0d367000 ---p 00000000 00:00 0 
7f0a0d367000-7f0a0d465000 rw-p 00000000 00:00 0 
7f0a0d465000-7f0a0d468000 ---p 00000000 00:00 0 
7f0a0d468000-7f0a0d566000 rw-p 00000000 00:00 0 
7f0a0d566000-7f0a0d571000 r-xp 00000000 08:05 2621630                    /lib/x86_64-linux-gnu/libnss_files-2.23.so
7f0a0d571000-7f0a0d770000 ---p 0000b000 08:05 2621630                    /lib/x86_64-linux-gnu/libnss_files-2.23.so
7f0a0d770000-7f0a0d771000 r--p 0000a000 08:05 2621630                    /lib/x86_64-linux-gnu/libnss_files-2.23.so
7f0a0d771000-7f0a0d772000 rw-p 0000b000 08:05 2621630                    /lib/x86_64-linux-gnu/libnss_files-2.23.so
7f0a0d772000-7f0a0d778000 rw-p 00000000 00:00 0 
7f0a0d781000-7f0a0d788000 r--s 00064000 08:05 4330434                    /opt/idea-IC-182.4323.46/lib/rt/debugger-agent.jar
7f0a0d788000-7f0a0d79b000 r--s 00345000 08:05 931559                     /usr/lib/jvm/java-8-oracle/jre/lib/resources.jar
7f0a0d79b000-7f0a0d79f000 r-xp 00000000 08:05 931700                     /usr/lib/jvm/java-8-oracle/jre/lib/amd64/libdt_socket.so
7f0a0d79f000-7f0a0d99e000 ---p 00004000 08:05 931700                     /usr/lib/jvm/java-8-oracle/jre/lib/amd64/libdt_socket.so
7f0a0d99e000-7f0a0d99f000 rw-p 00003000 08:05 931700                     /usr/lib/jvm/java-8-oracle/jre/lib/amd64/libdt_socket.so
7f0a0d99f000-7f0a0d9a2000 ---p 00000000 00:00 0 
7f0a0d9a2000-7f0a0daa0000 rw-p 00000000 00:00 0 
7f0a0daa0000-7f0a0daa3000 ---p 00000000 00:00 0 
7f0a0daa3000-7f0a0dba1000 rw-p 00000000 00:00 0 
7f0a0dba1000-7f0a0dba4000 ---p 00000000 00:00 0 
7f0a0dba4000-7f0a0dca2000 rw-p 00000000 00:00 0 
7f0a0dca2000-7f0a0dca3000 ---p 00000000 00:00 0 
7f0a0dca3000-7f0a0ecb2000 rw-p 00000000 00:00 0 
7f0a0ecb2000-7f0a0ee8c000 r--s 03d6b000 08:05 931521                     /usr/lib/jvm/java-8-oracle/jre/lib/rt.jar
7f0a0ee8c000-7f0a0f342000 rw-p 00000000 00:00 0 
7f0a0f342000-7f0a0f702000 ---p 00000000 00:00 0 
7f0a0f702000-7f0a0fadc000 rw-p 00000000 00:00 0 
7f0a0fadc000-7f0a0fadd000 ---p 00000000 00:00 0 
7f0a0fadd000-7f0a0fbdd000 rw-p 00000000 00:00 0 
7f0a0fbdd000-7f0a0fbde000 ---p 00000000 00:00 0 
7f0a0fbde000-7f0a0fcde000 rw-p 00000000 00:00 0 
7f0a0fcde000-7f0a0fcdf000 ---p 00000000 00:00 0 
7f0a0fcdf000-7f0a0fddf000 rw-p 00000000 00:00 0 
7f0a0fddf000-7f0a0fde0000 ---p 00000000 00:00 0 
7f0a0fde0000-7f0a0ff0a000 rw-p 00000000 00:00 0 
7f0a0ff0a000-7f0a10172000 ---p 00000000 00:00 0 
7f0a10172000-7f0a1019c000 rw-p 00000000 00:00 0 
7f0a1019c000-7f0a10403000 ---p 00000000 00:00 0 
7f0a10403000-7f0a10418000 rw-p 00000000 00:00 0 
7f0a10418000-7f0a1054c000 ---p 00000000 00:00 0 
7f0a1054c000-7f0a10557000 rw-p 00000000 00:00 0 
7f0a10557000-7f0a1090d000 ---p 00000000 00:00 0 
7f0a1090d000-7f0a10b7d000 rwxp 00000000 00:00 0 
7f0a10b7d000-7f0a1f90d000 ---p 00000000 00:00 0 
7f0a1f90d000-7f0a1f928000 r-xp 00000000 08:05 931733                     /usr/lib/jvm/java-8-oracle/jre/lib/amd64/libzip.so
7f0a1f928000-7f0a1fb28000 ---p 0001b000 08:05 931733                     /usr/lib/jvm/java-8-oracle/jre/lib/amd64/libzip.so
7f0a1fb28000-7f0a1fb29000 rw-p 0001b000 08:05 931733                     /usr/lib/jvm/java-8-oracle/jre/lib/amd64/libzip.so
7f0a1fb29000-7f0a1fb33000 r-xp 00000000 08:05 931742                     /usr/lib/jvm/java-8-oracle/jre/lib/amd64/libinstrument.so
7f0a1fb33000-7f0a1fd32000 ---p 0000a000 08:05 931742                     /usr/lib/jvm/java-8-oracle/jre/lib/amd64/libinstrument.so
7f0a1fd32000-7f0a1fd33000 rw-p 00009000 08:05 931742                     /usr/lib/jvm/java-8-oracle/jre/lib/amd64/libinstrument.so
7f0a1fd33000-7f0a20000000 r--p 00000000 08:05 4459994                    /usr/lib/locale/locale-archive
7f0a20000000-7f0a2022f000 rw-p 00000000 00:00 0 
7f0a2022f000-7f0a24000000 ---p 00000000 00:00 0 
7f0a24006000-7f0a24008000 r--s 0001a000 08:05 4330610                    /opt/idea-IC-182.4323.46/lib/idea_rt.jar
7f0a24008000-7f0a2401b000 r--s 000d6000 08:05 931463                     /usr/lib/jvm/java-8-oracle/jre/lib/plugin.jar
7f0a2401b000-7f0a24020000 r--s 0009d000 08:05 931578                     /usr/lib/jvm/java-8-oracle/jre/lib/jsse.jar
7f0a24020000-7f0a2406f000 rw-p 00000000 00:00 0 
7f0a2406f000-7f0a24071000 r-xp 00000000 08:05 931702                     /usr/lib/jvm/java-8-oracle/jre/lib/amd64/libnpt.so
7f0a24071000-7f0a24271000 ---p 00002000 08:05 931702                     /usr/lib/jvm/java-8-oracle/jre/lib/amd64/libnpt.so
7f0a24271000-7f0a24272000 rw-p 00002000 08:05 931702                     /usr/lib/jvm/java-8-oracle/jre/lib/amd64/libnpt.so
7f0a24272000-7f0a242ac000 r-xp 00000000 08:05 931720                     /usr/lib/jvm/java-8-oracle/jre/lib/amd64/libjdwp.so
7f0a242ac000-7f0a244ab000 ---p 0003a000 08:05 931720                     /usr/lib/jvm/java-8-oracle/jre/lib/amd64/libjdwp.so
7f0a244ab000-7f0a244ac000 rw-p 00039000 08:05 931720                     /usr/lib/jvm/java-8-oracle/jre/lib/amd64/libjdwp.so
7f0a244ac000-7f0a244ad000 rw-p 00000000 00:00 0 
7f0a244ad000-7f0a244d8000 r-xp 00000000 08:05 931727                     /usr/lib/jvm/java-8-oracle/jre/lib/amd64/libjava.so
7f0a244d8000-7f0a246d7000 ---p 0002b000 08:05 931727                     /usr/lib/jvm/java-8-oracle/jre/lib/amd64/libjava.so
7f0a246d7000-7f0a246d9000 rw-p 0002a000 08:05 931727                     /usr/lib/jvm/java-8-oracle/jre/lib/amd64/libjava.so
7f0a246d9000-7f0a246e6000 r-xp 00000000 08:05 931732                     /usr/lib/jvm/java-8-oracle/jre/lib/amd64/libverify.so
7f0a246e6000-7f0a248e6000 ---p 0000d000 08:05 931732                     /usr/lib/jvm/java-8-oracle/jre/lib/amd64/libverify.so
7f0a248e6000-7f0a248e8000 rw-p 0000d000 08:05 931732                     /usr/lib/jvm/java-8-oracle/jre/lib/amd64/libverify.so
7f0a248e8000-7f0a248ef000 r-xp 00000000 08:05 2621637                    /lib/x86_64-linux-gnu/librt-2.23.so
7f0a248ef000-7f0a24aee000 ---p 00007000 08:05 2621637                    /lib/x86_64-linux-gnu/librt-2.23.so
7f0a24aee000-7f0a24aef000 r--p 00006000 08:05 2621637                    /lib/x86_64-linux-gnu/librt-2.23.so
7f0a24aef000-7f0a24af0000 rw-p 00007000 08:05 2621637                    /lib/x86_64-linux-gnu/librt-2.23.so
7f0a24af0000-7f0a24bf8000 r-xp 00000000 08:05 2621605                    /lib/x86_64-linux-gnu/libm-2.23.so
7f0a24bf8000-7f0a24df7000 ---p 00108000 08:05 2621605                    /lib/x86_64-linux-gnu/libm-2.23.so
7f0a24df7000-7f0a24df8000 r--p 00107000 08:05 2621605                    /lib/x86_64-linux-gnu/libm-2.23.so
7f0a24df8000-7f0a24df9000 rw-p 00108000 08:05 2621605                    /lib/x86_64-linux-gnu/libm-2.23.so
7f0a24df9000-7f0a25ad5000 r-xp 00000000 08:05 931709                     /usr/lib/jvm/java-8-oracle/jre/lib/amd64/server/libjvm.so
7f0a25ad5000-7f0a25cd5000 ---p 00cdc000 08:05 931709                     /usr/lib/jvm/java-8-oracle/jre/lib/amd64/server/libjvm.so
7f0a25cd5000-7f0a25daf000 rw-p 00cdc000 08:05 931709                     /usr/lib/jvm/java-8-oracle/jre/lib/amd64/server/libjvm.so
7f0a25daf000-7f0a25dfa000 rw-p 00000000 00:00 0 
7f0a25dfa000-7f0a25fba000 r-xp 00000000 08:05 2621614                    /lib/x86_64-linux-gnu/libc-2.23.so
7f0a25fba000-7f0a261ba000 ---p 001c0000 08:05 2621614                    /lib/x86_64-linux-gnu/libc-2.23.so
7f0a261ba000-7f0a261be000 r--p 001c0000 08:05 2621614                    /lib/x86_64-linux-gnu/libc-2.23.so
7f0a261be000-7f0a261c0000 rw-p 001c4000 08:05 2621614                    /lib/x86_64-linux-gnu/libc-2.23.so
7f0a261c0000-7f0a261c4000 rw-p 00000000 00:00 0 
7f0a261c4000-7f0a261c7000 r-xp 00000000 08:05 2621616                    /lib/x86_64-linux-gnu/libdl-2.23.so
7f0a261c7000-7f0a263c6000 ---p 00003000 08:05 2621616                    /lib/x86_64-linux-gnu/libdl-2.23.so
7f0a263c6000-7f0a263c7000 r--p 00002000 08:05 2621616                    /lib/x86_64-linux-gnu/libdl-2.23.so
7f0a263c7000-7f0a263c8000 rw-p 00003000 08:05 2621616                    /lib/x86_64-linux-gnu/libdl-2.23.so
7f0a263c8000-7f0a263de000 r-xp 00000000 08:05 931391                     /usr/lib/jvm/java-8-oracle/lib/amd64/jli/libjli.so
7f0a263de000-7f0a265dd000 ---p 00016000 08:05 931391                     /usr/lib/jvm/java-8-oracle/lib/amd64/jli/libjli.so
7f0a265dd000-7f0a265de000 rw-p 00015000 08:05 931391                     /usr/lib/jvm/java-8-oracle/lib/amd64/jli/libjli.so
7f0a265de000-7f0a265f6000 r-xp 00000000 08:05 2621612                    /lib/x86_64-linux-gnu/libpthread-2.23.so
7f0a265f6000-7f0a267f5000 ---p 00018000 08:05 2621612                    /lib/x86_64-linux-gnu/libpthread-2.23.so
7f0a267f5000-7f0a267f6000 r--p 00017000 08:05 2621612                    /lib/x86_64-linux-gnu/libpthread-2.23.so
7f0a267f6000-7f0a267f7000 rw-p 00018000 08:05 2621612                    /lib/x86_64-linux-gnu/libpthread-2.23.so
7f0a267f7000-7f0a267fb000 rw-p 00000000 00:00 0 
7f0a267fb000-7f0a26821000 r-xp 00000000 08:05 2621610                    /lib/x86_64-linux-gnu/ld-2.23.so
7f0a26822000-7f0a26824000 r--s 00007000 08:05 931755                     /usr/lib/jvm/java-8-oracle/jre/lib/jfxswt.jar
7f0a26824000-7f0a26840000 r--s 0020b000 08:05 931439                     /usr/lib/jvm/java-8-oracle/jre/lib/deploy.jar
7f0a26840000-7f0a268c2000 rw-p 00000000 00:00 0 
7f0a268c2000-7f0a268f7000 r--s 00000000 08:05 3542035                    /var/cache/nscd/passwd
7f0a268f7000-7f0a268fa000 ---p 00000000 00:00 0 
7f0a268fa000-7f0a269fd000 rw-p 00000000 00:00 0 
7f0a269fd000-7f0a269fe000 r--s 00000000 08:05 931445                     /usr/lib/jvm/java-8-oracle/jre/lib/management-agent.jar
7f0a269fe000-7f0a26a03000 r--s 00084000 08:05 931438                     /usr/lib/jvm/java-8-oracle/jre/lib/jfr.jar
7f0a26a03000-7f0a26a06000 r--s 0001a000 08:05 931753                     /usr/lib/jvm/java-8-oracle/jre/lib/jce.jar
7f0a26a06000-7f0a26a0f000 r--s 0006d000 08:05 931448                     /usr/lib/jvm/java-8-oracle/jre/lib/javaws.jar
7f0a26a0f000-7f0a26a14000 r--s 002f9000 08:05 931519                     /usr/lib/jvm/java-8-oracle/jre/lib/charsets.jar
7f0a26a14000-7f0a26a16000 r--s 00001000 08:05 4330433                    /opt/idea-IC-182.4323.46/lib/rt/debugger-agent-storage.jar
7f0a26a16000-7f0a26a1e000 rw-s 00000000 08:05 806700                     /tmp/hsperfdata_r17014387/6881
7f0a26a1e000-7f0a26a1f000 rw-p 00000000 00:00 0 
7f0a26a1f000-7f0a26a20000 ---p 00000000 00:00 0 
7f0a26a20000-7f0a26a21000 r--p 00025000 08:05 2621610                    /lib/x86_64-linux-gnu/ld-2.23.so
7f0a26a21000-7f0a26a22000 rw-p 00026000 08:05 2621610                    /lib/x86_64-linux-gnu/ld-2.23.so
7f0a26a22000-7f0a26a23000 rw-p 00000000 00:00 0 
7ffd8577d000-7ffd8579e000 rw-p 00000000 00:00 0                          [stack]
7ffd857be000-7ffd857c1000 r--p 00000000 00:00 0                          [vvar]
7ffd857c1000-7ffd857c3000 r-xp 00000000 00:00 0                          [vdso]
ffffffffff600000-ffffffffff601000 r-xp 00000000 00:00 0                  [vsyscall]

VM Arguments:
jvm_args: -agentlib:jdwp=transport=dt_socket,address=127.0.0.1:33805,suspend=y,server=n -javaagent:/opt/idea-IC-182.4323.46/lib/rt/debugger-agent.jar=file:/tmp/capture.props -Dfile.encoding=UTF-8 
java_command: Main
java_class_path (initial): /usr/lib/jvm/java-8-oracle/jre/lib/charsets.jar:/usr/lib/jvm/java-8-oracle/jre/lib/deploy.jar:/usr/lib/jvm/java-8-oracle/jre/lib/ext/cldrdata.jar:/usr/lib/jvm/java-8-oracle/jre/lib/ext/dnsns.jar:/usr/lib/jvm/java-8-oracle/jre/lib/ext/jaccess.jar:/usr/lib/jvm/java-8-oracle/jre/lib/ext/jfxrt.jar:/usr/lib/jvm/java-8-oracle/jre/lib/ext/localedata.jar:/usr/lib/jvm/java-8-oracle/jre/lib/ext/nashorn.jar:/usr/lib/jvm/java-8-oracle/jre/lib/ext/sunec.jar:/usr/lib/jvm/java-8-oracle/jre/lib/ext/sunjce_provider.jar:/usr/lib/jvm/java-8-oracle/jre/lib/ext/sunpkcs11.jar:/usr/lib/jvm/java-8-oracle/jre/lib/ext/zipfs.jar:/usr/lib/jvm/java-8-oracle/jre/lib/javaws.jar:/usr/lib/jvm/java-8-oracle/jre/lib/jce.jar:/usr/lib/jvm/java-8-oracle/jre/lib/jfr.jar:/usr/lib/jvm/java-8-oracle/jre/lib/jfxswt.jar:/usr/lib/jvm/java-8-oracle/jre/lib/jsse.jar:/usr/lib/jvm/java-8-oracle/jre/lib/management-agent.jar:/usr/lib/jvm/java-8-oracle/jre/lib/plugin.jar:/usr/lib/jvm/java-8-oracle/jre/lib/resources.jar:/usr/lib/jvm/java-8-oracle/jre/lib/rt.jar:/amuhome/r17014387/IdeaProjects/TPalgorithmique/out/production/TPalgorithmique:/opt/idea-IC-182.4323.46/lib/idea_rt.jar:/opt/idea-IC-182.4323.46/lib/rt/debugger-agent.jar
Launcher Type: SUN_STANDARD

Environment Variables:
JAVA_HOME=/usr/lib/jvm/java-8-oracle
PATH=/usr/local/sbin:/usr/local/bin:/usr/sbin:/usr/bin:/sbin:/bin:/usr/games:/usr/local/games:/usr/lib/jvm/java-8-oracle/bin:/usr/lib/jvm/java-8-oracle/db/bin:/usr/lib/jvm/java-8-oracle/jre/bin
SHELL=/bin/bash
DISPLAY=:0

Signal Handlers:
SIGSEGV: [libjvm.so+0xad2a40], sa_mask[0]=11111111011111111101111111111110, sa_flags=SA_RESTART|SA_SIGINFO
SIGBUS: [libjvm.so+0xad2a40], sa_mask[0]=11111111011111111101111111111110, sa_flags=SA_RESTART|SA_SIGINFO
SIGFPE: [libjvm.so+0x92a610], sa_mask[0]=11111111011111111101111111111110, sa_flags=SA_RESTART|SA_SIGINFO
SIGPIPE: [libjvm.so+0x92a610], sa_mask[0]=11111111011111111101111111111110, sa_flags=SA_RESTART|SA_SIGINFO
SIGXFSZ: [libjvm.so+0x92a610], sa_mask[0]=11111111011111111101111111111110, sa_flags=SA_RESTART|SA_SIGINFO
SIGILL: [libjvm.so+0x92a610], sa_mask[0]=11111111011111111101111111111110, sa_flags=SA_RESTART|SA_SIGINFO
SIGUSR1: SIG_DFL, sa_mask[0]=00000000000000000000000000000000, sa_flags=none
SIGUSR2: [libjvm.so+0x92be70], sa_mask[0]=00100000000000000000000000000000, sa_flags=SA_RESTART|SA_SIGINFO
SIGHUP: [libjvm.so+0x92d270], sa_mask[0]=11111111011111111101111111111110, sa_flags=SA_RESTART|SA_SIGINFO
SIGINT: [libjvm.so+0x92d270], sa_mask[0]=11111111011111111101111111111110, sa_flags=SA_RESTART|SA_SIGINFO
SIGTERM: [libjvm.so+0x92d270], sa_mask[0]=11111111011111111101111111111110, sa_flags=SA_RESTART|SA_SIGINFO
SIGQUIT: [libjvm.so+0x92d270], sa_mask[0]=11111111011111111101111111111110, sa_flags=SA_RESTART|SA_SIGINFO


---------------  S Y S T E M  ---------------

OS:DISTRIB_ID=Ubuntu
DISTRIB_RELEASE=16.04
DISTRIB_CODENAME=xenial
DISTRIB_DESCRIPTION="Ubuntu 16.04.5 LTS"

uname:Linux 4.13.0-45-generic #50~16.04.1-Ubuntu SMP Wed May 30 11:18:27 UTC 2018 x86_64
libc:glibc 2.23 NPTL 2.23 
rlimit: STACK 8192k, CORE 0k, NPROC 31414, NOFILE 1048576, AS infinity
load average:1,34 1,31 0,94

/proc/meminfo:
MemTotal:        8074616 kB
MemFree:          219352 kB
MemAvailable:    4904864 kB
Buffers:            5028 kB
Cached:          5179228 kB
SwapCached:         4572 kB
Active:          4690452 kB
Inactive:        2959992 kB
Active(anon):    2160200 kB
Inactive(anon):   618668 kB
Active(file):    2530252 kB
Inactive(file):  2341324 kB
Unevictable:          32 kB
Mlocked:              32 kB
SwapTotal:       7999484 kB
SwapFree:        7994608 kB
Dirty:               212 kB
Writeback:             0 kB
AnonPages:       2461756 kB
Mapped:           382708 kB
Shmem:            312676 kB
Slab:             100760 kB
SReclaimable:      66236 kB
SUnreclaim:        34524 kB
KernelStack:       13184 kB
PageTables:        32660 kB
NFS_Unstable:          0 kB
Bounce:                0 kB
WritebackTmp:          0 kB
CommitLimit:    12036792 kB
Committed_AS:    7354568 kB
VmallocTotal:   34359738367 kB
VmallocUsed:           0 kB
VmallocChunk:          0 kB
HardwareCorrupted:     0 kB
AnonHugePages:      6144 kB
ShmemHugePages:        0 kB
ShmemPmdMapped:        0 kB
CmaTotal:              0 kB
CmaFree:               0 kB
HugePages_Total:       0
HugePages_Free:        0
HugePages_Rsvd:        0
HugePages_Surp:        0
Hugepagesize:       2048 kB
DirectMap4k:      133228 kB
DirectMap2M:     5015552 kB
DirectMap1G:     4194304 kB


CPU:total 4 (initial active 4) (4 cores per cpu, 1 threads per core) family 6 model 60 stepping 3, cmov, cx8, fxsr, mmx, sse, sse2, sse3, ssse3, sse4.1, sse4.2, popcnt, avx, avx2, aes, clmul, erms, rtm, lzcnt, tsc, tscinvbit, bmi1, bmi2

/proc/cpuinfo:
processor	: 0
vendor_id	: GenuineIntel
cpu family	: 6
model		: 60
model name	: Intel(R) Core(TM) i5-4570S CPU @ 2.90GHz
stepping	: 3
microcode	: 0x12
cpu MHz		: 2519.823
cache size	: 6144 KB
physical id	: 0
siblings	: 4
core id		: 0
cpu cores	: 4
apicid		: 0
initial apicid	: 0
fpu		: yes
fpu_exception	: yes
cpuid level	: 13
wp		: yes
flags		: fpu vme de pse tsc msr pae mce cx8 apic sep mtrr pge mca cmov pat pse36 clflush dts acpi mmx fxsr sse sse2 ss ht tm pbe syscall nx pdpe1gb rdtscp lm constant_tsc arch_perfmon pebs bts rep_good nopl xtopology nonstop_tsc cpuid aperfmperf pni pclmulqdq dtes64 monitor ds_cpl vmx smx est tm2 ssse3 sdbg fma cx16 xtpr pdcm pcid sse4_1 sse4_2 x2apic movbe popcnt aes xsave avx f16c rdrand lahf_lm abm cpuid_fault epb invpcid_single pti retpoline tpr_shadow vnmi flexpriority ept vpid fsgsbase tsc_adjust bmi1 hle avx2 smep bmi2 erms invpcid rtm xsaveopt dtherm ida arat pln pts
bugs		: cpu_meltdown spectre_v1 spectre_v2 spec_store_bypass
bogomips	: 5786.94
clflush size	: 64
cache_alignment	: 64
address sizes	: 39 bits physical, 48 bits virtual
power management:

processor	: 1
vendor_id	: GenuineIntel
cpu family	: 6
model		: 60
model name	: Intel(R) Core(TM) i5-4570S CPU @ 2.90GHz
stepping	: 3
microcode	: 0x12
cpu MHz		: 2638.304
cache size	: 6144 KB
physical id	: 0
siblings	: 4
core id		: 1
cpu cores	: 4
apicid		: 2
initial apicid	: 2
fpu		: yes
fpu_exception	: yes
cpuid level	: 13
wp		: yes
flags		: fpu vme de pse tsc msr pae mce cx8 apic sep mtrr pge mca cmov pat pse36 clflush dts acpi mmx fxsr sse sse2 ss ht tm pbe syscall nx pdpe1gb rdtscp lm constant_tsc arch_perfmon pebs bts rep_good nopl xtopology nonstop_tsc cpuid aperfmperf pni pclmulqdq dtes64 monitor ds_cpl vmx smx est tm2 ssse3 sdbg fma cx16 xtpr pdcm pcid sse4_1 sse4_2 x2apic movbe popcnt aes xsave avx f16c rdrand lahf_lm abm cpuid_fault epb invpcid_single pti retpoline tpr_shadow vnmi flexpriority ept vpid fsgsbase tsc_adjust bmi1 hle avx2 smep bmi2 erms invpcid rtm xsaveopt dtherm ida arat pln pts
bugs		: cpu_meltdown spectre_v1 spectre_v2 spec_store_bypass
bogomips	: 5786.94
clflush size	: 64
cache_alignment	: 64
address sizes	: 39 bits physical, 48 bits virtual
power management:

processor	: 2
vendor_id	: GenuineIntel
cpu family	: 6
model		: 60
model name	: Intel(R) Core(TM) i5-4570S CPU @ 2.90GHz
stepping	: 3
microcode	: 0x12
cpu MHz		: 2503.969
cache size	: 6144 KB
physical id	: 0
siblings	: 4
core id		: 2
cpu cores	: 4
apicid		: 4
initial apicid	: 4
fpu		: yes
fpu_exception	: yes
cpuid level	: 13
wp		: yes
flags		: fpu vme de pse tsc msr pae mce cx8 apic sep mtrr pge mca cmov pat pse36 clflush dts acpi mmx fxsr sse sse2 ss ht tm pbe syscall nx pdpe1gb rdtscp lm constant_tsc arch_perfmon pebs bts rep_good nopl xtopology nonstop_tsc cpuid aperfmperf pni pclmulqdq dtes64 monitor ds_cpl vmx smx est tm2 ssse3 sdbg fma cx16 xtpr pdcm pcid sse4_1 sse4_2 x2apic movbe popcnt aes xsave avx f16c rdrand lahf_lm abm cpuid_fault epb invpcid_single pti retpoline tpr_shadow vnmi flexpriority ept vpid fsgsbase tsc_adjust bmi1 hle avx2 smep bmi2 erms invpcid rtm xsaveopt dtherm ida arat pln pts
bugs		: cpu_meltdown spectre_v1 spectre_v2 spec_store_bypass
bogomips	: 5786.94
clflush size	: 64
cache_alignment	: 64
address sizes	: 39 bits physical, 48 bits virtual
power management:

processor	: 3
vendor_id	: GenuineIntel
cpu family	: 6
model		: 60
model name	: Intel(R) Core(TM) i5-4570S CPU @ 2.90GHz
stepping	: 3
microcode	: 0x12
cpu MHz		: 2507.514
cache size	: 6144 KB
physical id	: 0
siblings	: 4
core id		: 3
cpu cores	: 4
apicid		: 6
initial apicid	: 6
fpu		: yes
fpu_exception	: yes
cpuid level	: 13
wp		: yes
flags		: fpu vme de pse tsc msr pae mce cx8 apic sep mtrr pge mca cmov pat pse36 clflush dts acpi mmx fxsr sse sse2 ss ht tm pbe syscall nx pdpe1gb rdtscp lm constant_tsc arch_perfmon pebs bts rep_good nopl xtopology nonstop_tsc cpuid aperfmperf pni pclmulqdq dtes64 monitor ds_cpl vmx smx est tm2 ssse3 sdbg fma cx16 xtpr pdcm pcid sse4_1 sse4_2 x2apic movbe popcnt aes xsave avx f16c rdrand lahf_lm abm cpuid_fault epb invpcid_single pti retpoline tpr_shadow vnmi flexpriority ept vpid fsgsbase tsc_adjust bmi1 hle avx2 smep bmi2 erms invpcid rtm xsaveopt dtherm ida arat pln pts
bugs		: cpu_meltdown spectre_v1 spectre_v2 spec_store_bypass
bogomips	: 5786.94
clflush size	: 64
cache_alignment	: 64
address sizes	: 39 bits physical, 48 bits virtual
power management:



Memory: 4k page, physical 8074616k(219352k free), swap 7999484k(7994608k free)

vm_info: Java HotSpot(TM) 64-Bit Server VM (25.181-b13) for linux-amd64 JRE (1.8.0_181-b13), built on Jul  7 2018 00:56:38 by "java_re" with gcc 4.3.0 20080428 (Red Hat 4.3.0-8)

time: Thu Jan 31 16:24:18 2019
elapsed time: 318 seconds (0d 0h 5m 18s)

